----------------------------------------------------------------
Thu Feb 14 12:10:14 CET 2019:
Booting Derby version The Apache Software Foundation - Apache Derby - 10.14.2.0 - (1828579): instance a816c00e-0168-ebb3-2a8d-00000ae5f7a0 
on database directory C:\Users\andre\git\sia-spring\spring-gg2\corsospring with class loader sun.misc.Launcher$AppClassLoader@36baf30c 
Loaded from file:/C:/Users/andre/.m2/repository/org/apache/derby/derby/10.14.2.0/derby-10.14.2.0.jar
java.vendor=Oracle Corporation
java.runtime.version=1.8.0_191-b12
user.dir=C:\Users\andre\git\sia-spring\spring-gg2
os.name=Windows 10
os.arch=amd64
os.version=10.0
derby.system.home=null
Database Class Loader started - derby.database.classpath=''
----------------------------------------------------------------
Thu Feb 14 12:10:16 CET 2019:
Booting Derby version The Apache Software Foundation - Apache Derby - 10.14.2.0 - (1828579): instance 594b8034-0168-ebb3-2a8d-00000ae5f7a0 
on database directory C:\Users\andre\git\sia-spring\spring-gg2\corsospring2 with class loader sun.misc.Launcher$AppClassLoader@36baf30c 
Loaded from file:/C:/Users/andre/.m2/repository/org/apache/derby/derby/10.14.2.0/derby-10.14.2.0.jar
java.vendor=Oracle Corporation
java.runtime.version=1.8.0_191-b12
user.dir=C:\Users\andre\git\sia-spring\spring-gg2
os.name=Windows 10
os.arch=amd64
os.version=10.0
derby.system.home=null
Database Class Loader started - derby.database.classpath=''
